This file contains any messages produced by compilers while
running configure, to aid debugging if configure makes a mistake.

It was created by configure, which was
generated by GNU Autoconf 2.69.  Invocation command line was

  $ ./configure --prefix=/usr

## --------- ##
## Platform. ##
## --------- ##

hostname = neutrico-ws
uname -m = x86_64
uname -r = 3.13.0-24-generic
uname -s = Linux
uname -v = #46-Ubuntu SMP Thu Apr 10 19:11:08 UTC 2014

/usr/bin/uname -p = unknown
/bin/uname -X     = unknown

/bin/arch              = unknown
/usr/bin/arch -k       = unknown
/usr/convex/getsysinfo = unknown
/usr/bin/hostinfo      = unknown
/bin/machine           = unknown
/usr/bin/oslevel       = unknown
/bin/universe          = unknown

PATH: /usr/local/sbin
PATH: /usr/local/bin
PATH: /usr/sbin
PATH: /usr/bin
PATH: /sbin
PATH: /bin
PATH: /usr/games
PATH: /usr/local/games


## ----------- ##
## Core tests. ##
## ----------- ##

configure:2338: checking for a BSD-compatible install
configure:2406: result: /usr/bin/install -c
configure:2417: checking whether build environment is sane
configure:2472: result: yes
configure:2623: checking for a thread-safe mkdir -p
configure:2662: result: /bin/mkdir -p
configure:2669: checking for gawk
configure:2685: found /usr/bin/gawk
configure:2696: result: gawk
configure:2707: checking whether make sets $(MAKE)
configure:2729: result: yes
configure:2758: checking whether make supports nested variables
configure:2775: result: yes
configure:2957: checking for gcc
configure:2973: found /usr/bin/gcc
configure:2984: result: gcc
configure:3213: checking for C compiler version
configure:3222: gcc --version >&5
gcc (Ubuntu 4.8.2-19ubuntu1) 4.8.2
Copyright (C) 2013 Free Software Foundation, Inc.
This is free software; see the source for copying conditions.  There is NO
warranty; not even for MERCHANTABILITY or FITNESS FOR A PARTICULAR PURPOSE.

configure:3233: $? = 0
configure:3222: gcc -v >&5
Using built-in specs.
COLLECT_GCC=gcc
COLLECT_LTO_WRAPPER=/usr/lib/gcc/x86_64-linux-gnu/4.8/lto-wrapper
Target: x86_64-linux-gnu
Configured with: ../src/configure -v --with-pkgversion='Ubuntu 4.8.2-19ubuntu1' --with-bugurl=file:///usr/share/doc/gcc-4.8/README.Bugs --enable-languages=c,c++,java,go,d,fortran,objc,obj-c++ --prefix=/usr --program-suffix=-4.8 --enable-shared --enable-linker-build-id --libexecdir=/usr/lib --without-included-gettext --enable-threads=posix --with-gxx-include-dir=/usr/include/c++/4.8 --libdir=/usr/lib --enable-nls --with-sysroot=/ --enable-clocale=gnu --enable-libstdcxx-debug --enable-libstdcxx-time=yes --enable-gnu-unique-object --disable-libmudflap --enable-plugin --with-system-zlib --disable-browser-plugin --enable-java-awt=gtk --enable-gtk-cairo --with-java-home=/usr/lib/jvm/java-1.5.0-gcj-4.8-amd64/jre --enable-java-home --with-jvm-root-dir=/usr/lib/jvm/java-1.5.0-gcj-4.8-amd64 --with-jvm-jar-dir=/usr/lib/jvm-exports/java-1.5.0-gcj-4.8-amd64 --with-arch-directory=amd64 --with-ecj-jar=/usr/share/java/eclipse-ecj.jar --enable-objc-gc --enable-multiarch --disable-werror --with-arch-32=i686 --with-abi=m64 --with-multilib-list=m32,m64,mx32 --with-tune=generic --enable-checking=release --build=x86_64-linux-gnu --host=x86_64-linux-gnu --target=x86_64-linux-gnu
Thread model: posix
gcc version 4.8.2 (Ubuntu 4.8.2-19ubuntu1) 
configure:3233: $? = 0
configure:3222: gcc -V >&5
gcc: error: unrecognized command line option '-V'
gcc: fatal error: no input files
compilation terminated.
configure:3233: $? = 4
configure:3222: gcc -qversion >&5
gcc: error: unrecognized command line option '-qversion'
gcc: fatal error: no input files
compilation terminated.
configure:3233: $? = 4
configure:3253: checking whether the C compiler works
configure:3275: gcc    conftest.c  >&5
configure:3279: $? = 0
configure:3327: result: yes
configure:3330: checking for C compiler default output file name
configure:3332: result: a.out
configure:3338: checking for suffix of executables
configure:3345: gcc -o conftest    conftest.c  >&5
configure:3349: $? = 0
configure:3371: result: 
configure:3393: checking whether we are cross compiling
configure:3401: gcc -o conftest    conftest.c  >&5
configure:3405: $? = 0
configure:3412: ./conftest
configure:3416: $? = 0
configure:3431: result: no
configure:3436: checking for suffix of object files
configure:3458: gcc -c   conftest.c >&5
configure:3462: $? = 0
configure:3483: result: o
configure:3487: checking whether we are using the GNU C compiler
configure:3506: gcc -c   conftest.c >&5
configure:3506: $? = 0
configure:3515: result: yes
configure:3524: checking whether gcc accepts -g
configure:3544: gcc -c -g  conftest.c >&5
configure:3544: $? = 0
configure:3585: result: yes
configure:3602: checking for gcc option to accept ISO C89
configure:3665: gcc  -c -g -O2  conftest.c >&5
configure:3665: $? = 0
configure:3678: result: none needed
configure:3703: checking whether gcc understands -c and -o together
configure:3725: gcc -c conftest.c -o conftest2.o
configure:3728: $? = 0
configure:3725: gcc -c conftest.c -o conftest2.o
configure:3728: $? = 0
configure:3740: result: yes
configure:3768: checking for style of include used by make
configure:3796: result: GNU
configure:3822: checking dependency style of gcc
configure:3933: result: gcc3
configure:3978: checking how to run the C preprocessor
configure:4009: gcc -E  conftest.c
configure:4009: $? = 0
configure:4023: gcc -E  conftest.c
conftest.c:11:28: fatal error: ac_nonexistent.h: No such file or directory
 #include <ac_nonexistent.h>
                            ^
compilation terminated.
configure:4023: $? = 1
configure: failed program was:
| /* confdefs.h */
| #define PACKAGE_NAME ""
| #define PACKAGE_TARNAME ""
| #define PACKAGE_VERSION ""
| #define PACKAGE_STRING ""
| #define PACKAGE_BUGREPORT ""
| #define PACKAGE_URL ""
| #define PACKAGE "tidy"
| #define VERSION "0.99.0"
| /* end confdefs.h.  */
| #include <ac_nonexistent.h>
configure:4048: result: gcc -E
configure:4068: gcc -E  conftest.c
configure:4068: $? = 0
configure:4082: gcc -E  conftest.c
conftest.c:11:28: fatal error: ac_nonexistent.h: No such file or directory
 #include <ac_nonexistent.h>
                            ^
compilation terminated.
configure:4082: $? = 1
configure: failed program was:
| /* confdefs.h */
| #define PACKAGE_NAME ""
| #define PACKAGE_TARNAME ""
| #define PACKAGE_VERSION ""
| #define PACKAGE_STRING ""
| #define PACKAGE_BUGREPORT ""
| #define PACKAGE_URL ""
| #define PACKAGE "tidy"
| #define VERSION "0.99.0"
| /* end confdefs.h.  */
| #include <ac_nonexistent.h>
configure:4168: checking for g++
configure:4184: found /usr/bin/g++
configure:4195: result: g++
configure:4222: checking for C++ compiler version
configure:4231: g++ --version >&5
g++ (Ubuntu 4.8.2-19ubuntu1) 4.8.2
Copyright (C) 2013 Free Software Foundation, Inc.
This is free software; see the source for copying conditions.  There is NO
warranty; not even for MERCHANTABILITY or FITNESS FOR A PARTICULAR PURPOSE.

configure:4242: $? = 0
configure:4231: g++ -v >&5
Using built-in specs.
COLLECT_GCC=g++
COLLECT_LTO_WRAPPER=/usr/lib/gcc/x86_64-linux-gnu/4.8/lto-wrapper
Target: x86_64-linux-gnu
Configured with: ../src/configure -v --with-pkgversion='Ubuntu 4.8.2-19ubuntu1' --with-bugurl=file:///usr/share/doc/gcc-4.8/README.Bugs --enable-languages=c,c++,java,go,d,fortran,objc,obj-c++ --prefix=/usr --program-suffix=-4.8 --enable-shared --enable-linker-build-id --libexecdir=/usr/lib --without-included-gettext --enable-threads=posix --with-gxx-include-dir=/usr/include/c++/4.8 --libdir=/usr/lib --enable-nls --with-sysroot=/ --enable-clocale=gnu --enable-libstdcxx-debug --enable-libstdcxx-time=yes --enable-gnu-unique-object --disable-libmudflap --enable-plugin --with-system-zlib --disable-browser-plugin --enable-java-awt=gtk --enable-gtk-cairo --with-java-home=/usr/lib/jvm/java-1.5.0-gcj-4.8-amd64/jre --enable-java-home --with-jvm-root-dir=/usr/lib/jvm/java-1.5.0-gcj-4.8-amd64 --with-jvm-jar-dir=/usr/lib/jvm-exports/java-1.5.0-gcj-4.8-amd64 --with-arch-directory=amd64 --with-ecj-jar=/usr/share/java/eclipse-ecj.jar --enable-objc-gc --enable-multiarch --disable-werror --with-arch-32=i686 --with-abi=m64 --with-multilib-list=m32,m64,mx32 --with-tune=generic --enable-checking=release --build=x86_64-linux-gnu --host=x86_64-linux-gnu --target=x86_64-linux-gnu
Thread model: posix
gcc version 4.8.2 (Ubuntu 4.8.2-19ubuntu1) 
configure:4242: $? = 0
configure:4231: g++ -V >&5
g++: error: unrecognized command line option '-V'
g++: fatal error: no input files
compilation terminated.
configure:4242: $? = 4
configure:4231: g++ -qversion >&5
g++: error: unrecognized command line option '-qversion'
g++: fatal error: no input files
compilation terminated.
configure:4242: $? = 4
configure:4246: checking whether we are using the GNU C++ compiler
configure:4265: g++ -c   conftest.cpp >&5
configure:4265: $? = 0
configure:4274: result: yes
configure:4283: checking whether g++ accepts -g
configure:4303: g++ -c -g  conftest.cpp >&5
configure:4303: $? = 0
configure:4344: result: yes
configure:4369: checking dependency style of g++
configure:4480: result: gcc3
configure:4496: checking whether ln -s works
configure:4500: result: yes
configure:4536: checking build system type
configure:4550: result: x86_64-unknown-linux-gnu
configure:4570: checking host system type
configure:4583: result: x86_64-unknown-linux-gnu
configure:4624: checking how to print strings
configure:4651: result: printf
configure:4672: checking for a sed that does not truncate output
configure:4736: result: /bin/sed
configure:4754: checking for grep that handles long lines and -e
configure:4812: result: /bin/grep
configure:4817: checking for egrep
configure:4879: result: /bin/grep -E
configure:4884: checking for fgrep
configure:4946: result: /bin/grep -F
configure:4981: checking for ld used by gcc
configure:5048: result: /usr/bin/ld
configure:5055: checking if the linker (/usr/bin/ld) is GNU ld
configure:5070: result: yes
configure:5082: checking for BSD- or MS-compatible name lister (nm)
configure:5131: result: /usr/bin/nm -B
configure:5261: checking the name lister (/usr/bin/nm -B) interface
configure:5268: gcc -c -O2   conftest.c >&5
configure:5271: /usr/bin/nm -B "conftest.o"
configure:5274: output
0000000000000000 B some_variable
configure:5281: result: BSD nm
configure:5285: checking the maximum length of command line arguments
configure:5416: result: 1635000
configure:5433: checking whether the shell understands some XSI constructs
configure:5443: result: yes
configure:5447: checking whether the shell understands "+="
configure:5453: result: yes
configure:5488: checking how to convert x86_64-unknown-linux-gnu file names to x86_64-unknown-linux-gnu format
configure:5528: result: func_convert_file_noop
configure:5535: checking how to convert x86_64-unknown-linux-gnu file names to toolchain format
configure:5555: result: func_convert_file_noop
configure:5562: checking for /usr/bin/ld option to reload object files
configure:5569: result: -r
configure:5643: checking for objdump
configure:5659: found /usr/bin/objdump
configure:5670: result: objdump
configure:5702: checking how to recognize dependent libraries
configure:5900: result: pass_all
configure:5985: checking for dlltool
configure:6015: result: no
configure:6045: checking how to associate runtime and link libraries
configure:6072: result: printf %s\n
configure:6133: checking for ar
configure:6149: found /usr/bin/ar
configure:6160: result: ar
configure:6197: checking for archiver @FILE support
configure:6214: gcc -c -O2   conftest.c >&5
configure:6214: $? = 0
configure:6217: ar cru libconftest.a @conftest.lst >&5
configure:6220: $? = 0
configure:6225: ar cru libconftest.a @conftest.lst >&5
ar: conftest.o: No such file or directory
configure:6228: $? = 1
configure:6240: result: @
configure:6298: checking for strip
configure:6314: found /usr/bin/strip
configure:6325: result: strip
configure:6397: checking for ranlib
configure:6413: found /usr/bin/ranlib
configure:6424: result: ranlib
configure:6526: checking command to parse /usr/bin/nm -B output from gcc object
configure:6646: gcc -c -O2   conftest.c >&5
configure:6649: $? = 0
configure:6653: /usr/bin/nm -B conftest.o \| sed -n -e 's/^.*[ ]\([ABCDGIRSTW][ABCDGIRSTW]*\)[ ][ ]*\([_A-Za-z][_A-Za-z0-9]*\)$/\1 \2 \2/p' | sed '/ __gnu_lto/d' \> conftest.nm
configure:6656: $? = 0
configure:6722: gcc -o conftest -O2    conftest.c conftstm.o >&5
configure:6725: $? = 0
configure:6763: result: ok
configure:6800: checking for sysroot
configure:6830: result: no
configure:6907: gcc -c -O2   conftest.c >&5
configure:6910: $? = 0
configure:7099: checking for mt
configure:7115: found /bin/mt
configure:7126: result: mt
configure:7149: checking if mt is a manifest tool
configure:7155: mt '-?'
configure:7163: result: no
configure:7801: checking for ANSI C header files
configure:7821: gcc -c -O2   conftest.c >&5
configure:7821: $? = 0
configure:7894: gcc -o conftest -O2    conftest.c  >&5
configure:7894: $? = 0
configure:7894: ./conftest
configure:7894: $? = 0
configure:7905: result: yes
configure:7918: checking for sys/types.h
configure:7918: gcc -c -O2   conftest.c >&5
configure:7918: $? = 0
configure:7918: result: yes
configure:7918: checking for sys/stat.h
configure:7918: gcc -c -O2   conftest.c >&5
configure:7918: $? = 0
configure:7918: result: yes
configure:7918: checking for stdlib.h
configure:7918: gcc -c -O2   conftest.c >&5
configure:7918: $? = 0
configure:7918: result: yes
configure:7918: checking for string.h
configure:7918: gcc -c -O2   conftest.c >&5
configure:7918: $? = 0
configure:7918: result: yes
configure:7918: checking for memory.h
configure:7918: gcc -c -O2   conftest.c >&5
configure:7918: $? = 0
configure:7918: result: yes
configure:7918: checking for strings.h
configure:7918: gcc -c -O2   conftest.c >&5
configure:7918: $? = 0
configure:7918: result: yes
configure:7918: checking for inttypes.h
configure:7918: gcc -c -O2   conftest.c >&5
configure:7918: $? = 0
configure:7918: result: yes
configure:7918: checking for stdint.h
configure:7918: gcc -c -O2   conftest.c >&5
configure:7918: $? = 0
configure:7918: result: yes
configure:7918: checking for unistd.h
configure:7918: gcc -c -O2   conftest.c >&5
configure:7918: $? = 0
configure:7918: result: yes
configure:7932: checking for dlfcn.h
configure:7932: gcc -c -O2   conftest.c >&5
configure:7932: $? = 0
configure:7932: result: yes
configure:8149: checking for objdir
configure:8164: result: .libs
configure:8431: checking if gcc supports -fno-rtti -fno-exceptions
configure:8449: gcc -c -O2   -fno-rtti -fno-exceptions conftest.c >&5
cc1: warning: command line option '-fno-rtti' is valid for C++/ObjC++ but not for C [enabled by default]
configure:8453: $? = 0
configure:8466: result: no
configure:8793: checking for gcc option to produce PIC
configure:8800: result: -fPIC -DPIC
configure:8808: checking if gcc PIC flag -fPIC -DPIC works
configure:8826: gcc -c -O2   -fPIC -DPIC -DPIC conftest.c >&5
configure:8830: $? = 0
configure:8843: result: yes
configure:8872: checking if gcc static flag -static works
configure:8900: result: yes
configure:8915: checking if gcc supports -c -o file.o
configure:8936: gcc -c -O2   -o out/conftest2.o conftest.c >&5
configure:8940: $? = 0
configure:8962: result: yes
configure:8970: checking if gcc supports -c -o file.o
configure:9017: result: yes
configure:9050: checking whether the gcc linker (/usr/bin/ld -m elf_x86_64) supports shared libraries
configure:10207: result: yes
configure:10244: checking whether -lc should be explicitly linked in
configure:10252: gcc -c -O2   conftest.c >&5
configure:10255: $? = 0
configure:10270: gcc -shared  -fPIC -DPIC conftest.o  -v -Wl,-soname -Wl,conftest -o conftest 2\>\&1 \| /bin/grep  -lc  \>/dev/null 2\>\&1
configure:10273: $? = 0
configure:10287: result: no
configure:10447: checking dynamic linker characteristics
configure:10947: gcc -o conftest -O2    -Wl,-rpath -Wl,/foo conftest.c  >&5
configure:10947: $? = 0
configure:11181: result: GNU/Linux ld.so
configure:11288: checking how to hardcode library paths into programs
configure:11313: result: immediate
configure:11853: checking whether stripping libraries is possible
configure:11858: result: yes
configure:11893: checking if libtool supports shared libraries
configure:11895: result: yes
configure:11898: checking whether to build shared libraries
configure:11919: result: yes
configure:11922: checking whether to build static libraries
configure:11926: result: yes
configure:11949: checking how to run the C++ preprocessor
configure:11976: g++ -E  conftest.cpp
configure:11976: $? = 0
configure:11990: g++ -E  conftest.cpp
conftest.cpp:23:28: fatal error: ac_nonexistent.h: No such file or directory
 #include <ac_nonexistent.h>
                            ^
compilation terminated.
configure:11990: $? = 1
configure: failed program was:
| /* confdefs.h */
| #define PACKAGE_NAME ""
| #define PACKAGE_TARNAME ""
| #define PACKAGE_VERSION ""
| #define PACKAGE_STRING ""
| #define PACKAGE_BUGREPORT ""
| #define PACKAGE_URL ""
| #define PACKAGE "tidy"
| #define VERSION "0.99.0"
| #define STDC_HEADERS 1
| #define HAVE_SYS_TYPES_H 1
| #define HAVE_SYS_STAT_H 1
| #define HAVE_STDLIB_H 1
| #define HAVE_STRING_H 1
| #define HAVE_MEMORY_H 1
| #define HAVE_STRINGS_H 1
| #define HAVE_INTTYPES_H 1
| #define HAVE_STDINT_H 1
| #define HAVE_UNISTD_H 1
| #define HAVE_DLFCN_H 1
| #define LT_OBJDIR ".libs/"
| /* end confdefs.h.  */
| #include <ac_nonexistent.h>
configure:12015: result: g++ -E
configure:12035: g++ -E  conftest.cpp
configure:12035: $? = 0
configure:12049: g++ -E  conftest.cpp
conftest.cpp:23:28: fatal error: ac_nonexistent.h: No such file or directory
 #include <ac_nonexistent.h>
                            ^
compilation terminated.
configure:12049: $? = 1
configure: failed program was:
| /* confdefs.h */
| #define PACKAGE_NAME ""
| #define PACKAGE_TARNAME ""
| #define PACKAGE_VERSION ""
| #define PACKAGE_STRING ""
| #define PACKAGE_BUGREPORT ""
| #define PACKAGE_URL ""
| #define PACKAGE "tidy"
| #define VERSION "0.99.0"
| #define STDC_HEADERS 1
| #define HAVE_SYS_TYPES_H 1
| #define HAVE_SYS_STAT_H 1
| #define HAVE_STDLIB_H 1
| #define HAVE_STRING_H 1
| #define HAVE_MEMORY_H 1
| #define HAVE_STRINGS_H 1
| #define HAVE_INTTYPES_H 1
| #define HAVE_STDINT_H 1
| #define HAVE_UNISTD_H 1
| #define HAVE_DLFCN_H 1
| #define LT_OBJDIR ".libs/"
| /* end confdefs.h.  */
| #include <ac_nonexistent.h>
configure:12218: checking for ld used by g++
configure:12285: result: /usr/bin/ld -m elf_x86_64
configure:12292: checking if the linker (/usr/bin/ld -m elf_x86_64) is GNU ld
configure:12307: result: yes
configure:12362: checking whether the g++ linker (/usr/bin/ld -m elf_x86_64) supports shared libraries
configure:13364: result: yes
configure:13400: g++ -c -g -O2  conftest.cpp >&5
configure:13403: $? = 0
configure:13923: checking for g++ option to produce PIC
configure:13930: result: -fPIC -DPIC
configure:13938: checking if g++ PIC flag -fPIC -DPIC works
configure:13956: g++ -c -g -O2  -fPIC -DPIC -DPIC conftest.cpp >&5
configure:13960: $? = 0
configure:13973: result: yes
configure:13996: checking if g++ static flag -static works
configure:14024: result: yes
configure:14036: checking if g++ supports -c -o file.o
configure:14057: g++ -c -g -O2  -o out/conftest2.o conftest.cpp >&5
configure:14061: $? = 0
configure:14083: result: yes
configure:14088: checking if g++ supports -c -o file.o
configure:14135: result: yes
configure:14165: checking whether the g++ linker (/usr/bin/ld -m elf_x86_64) supports shared libraries
configure:14204: result: yes
configure:14345: checking dynamic linker characteristics
configure:15013: result: GNU/Linux ld.so
configure:15066: checking how to hardcode library paths into programs
configure:15091: result: immediate
configure:15152: checking whether make sets $(MAKE)
configure:15174: result: yes
configure:15241: checking if malloc debugging is wanted
configure:15259: result: no
configure:15412: checking that generated files are newer than configure
configure:15418: result: done
configure:15445: creating ./config.status

## ---------------------- ##
## Running config.status. ##
## ---------------------- ##

This file was extended by config.status, which was
generated by GNU Autoconf 2.69.  Invocation command line was

  CONFIG_FILES    = 
  CONFIG_HEADERS  = 
  CONFIG_LINKS    = 
  CONFIG_COMMANDS = 
  $ ./config.status 

on neutrico-ws

config.status:1075: creating Makefile
config.status:1075: creating src/Makefile
config.status:1075: creating console/Makefile
config.status:1075: creating include/Makefile
config.status:1247: executing depfiles commands
config.status:1247: executing libtool commands

## ---------------- ##
## Cache variables. ##
## ---------------- ##

ac_cv_build=x86_64-unknown-linux-gnu
ac_cv_c_compiler_gnu=yes
ac_cv_cxx_compiler_gnu=yes
ac_cv_env_CCC_set=
ac_cv_env_CCC_value=
ac_cv_env_CC_set=
ac_cv_env_CC_value=
ac_cv_env_CFLAGS_set=
ac_cv_env_CFLAGS_value=
ac_cv_env_CPPFLAGS_set=
ac_cv_env_CPPFLAGS_value=
ac_cv_env_CPP_set=
ac_cv_env_CPP_value=
ac_cv_env_CXXCPP_set=
ac_cv_env_CXXCPP_value=
ac_cv_env_CXXFLAGS_set=
ac_cv_env_CXXFLAGS_value=
ac_cv_env_CXX_set=
ac_cv_env_CXX_value=
ac_cv_env_LDFLAGS_set=
ac_cv_env_LDFLAGS_value=
ac_cv_env_LIBS_set=
ac_cv_env_LIBS_value=
ac_cv_env_build_alias_set=
ac_cv_env_build_alias_value=
ac_cv_env_host_alias_set=
ac_cv_env_host_alias_value=
ac_cv_env_target_alias_set=
ac_cv_env_target_alias_value=
ac_cv_header_dlfcn_h=yes
ac_cv_header_inttypes_h=yes
ac_cv_header_memory_h=yes
ac_cv_header_stdc=yes
ac_cv_header_stdint_h=yes
ac_cv_header_stdlib_h=yes
ac_cv_header_string_h=yes
ac_cv_header_strings_h=yes
ac_cv_header_sys_stat_h=yes
ac_cv_header_sys_types_h=yes
ac_cv_header_unistd_h=yes
ac_cv_host=x86_64-unknown-linux-gnu
ac_cv_objext=o
ac_cv_path_EGREP='/bin/grep -E'
ac_cv_path_FGREP='/bin/grep -F'
ac_cv_path_GREP=/bin/grep
ac_cv_path_SED=/bin/sed
ac_cv_path_install='/usr/bin/install -c'
ac_cv_path_mkdir=/bin/mkdir
ac_cv_prog_AWK=gawk
ac_cv_prog_CPP='gcc -E'
ac_cv_prog_CXXCPP='g++ -E'
ac_cv_prog_ac_ct_AR=ar
ac_cv_prog_ac_ct_CC=gcc
ac_cv_prog_ac_ct_CXX=g++
ac_cv_prog_ac_ct_MANIFEST_TOOL=mt
ac_cv_prog_ac_ct_OBJDUMP=objdump
ac_cv_prog_ac_ct_RANLIB=ranlib
ac_cv_prog_ac_ct_STRIP=strip
ac_cv_prog_cc_c89=
ac_cv_prog_cc_g=yes
ac_cv_prog_cxx_g=yes
ac_cv_prog_make_make_set=yes
am_cv_CC_dependencies_compiler_type=gcc3
am_cv_CXX_dependencies_compiler_type=gcc3
am_cv_make_support_nested_variables=yes
am_cv_prog_cc_c_o=yes
lt_cv_ar_at_file=@
lt_cv_archive_cmds_need_lc=no
lt_cv_deplibs_check_method=pass_all
lt_cv_file_magic_cmd='$MAGIC_CMD'
lt_cv_file_magic_test_file=
lt_cv_ld_reload_flag=-r
lt_cv_nm_interface='BSD nm'
lt_cv_objdir=.libs
lt_cv_path_LD=/usr/bin/ld
lt_cv_path_LDCXX='/usr/bin/ld -m elf_x86_64'
lt_cv_path_NM='/usr/bin/nm -B'
lt_cv_path_mainfest_tool=no
lt_cv_prog_compiler_c_o=yes
lt_cv_prog_compiler_c_o_CXX=yes
lt_cv_prog_compiler_pic='-fPIC -DPIC'
lt_cv_prog_compiler_pic_CXX='-fPIC -DPIC'
lt_cv_prog_compiler_pic_works=yes
lt_cv_prog_compiler_pic_works_CXX=yes
lt_cv_prog_compiler_rtti_exceptions=no
lt_cv_prog_compiler_static_works=yes
lt_cv_prog_compiler_static_works_CXX=yes
lt_cv_prog_gnu_ld=yes
lt_cv_prog_gnu_ldcxx=yes
lt_cv_sharedlib_from_linklib_cmd='printf %s\n'
lt_cv_shlibpath_overrides_runpath=no
lt_cv_sys_global_symbol_pipe='sed -n -e '\''s/^.*[	 ]\([ABCDGIRSTW][ABCDGIRSTW]*\)[	 ][	 ]*\([_A-Za-z][_A-Za-z0-9]*\)$/\1 \2 \2/p'\'' | sed '\''/ __gnu_lto/d'\'''
lt_cv_sys_global_symbol_to_c_name_address='sed -n -e '\''s/^: \([^ ]*\)[ ]*$/  {\"\1\", (void *) 0},/p'\'' -e '\''s/^[ABCDGIRSTW]* \([^ ]*\) \([^ ]*\)$/  {"\2", (void *) \&\2},/p'\'''
lt_cv_sys_global_symbol_to_c_name_address_lib_prefix='sed -n -e '\''s/^: \([^ ]*\)[ ]*$/  {\"\1\", (void *) 0},/p'\'' -e '\''s/^[ABCDGIRSTW]* \([^ ]*\) \(lib[^ ]*\)$/  {"\2", (void *) \&\2},/p'\'' -e '\''s/^[ABCDGIRSTW]* \([^ ]*\) \([^ ]*\)$/  {"lib\2", (void *) \&\2},/p'\'''
lt_cv_sys_global_symbol_to_cdecl='sed -n -e '\''s/^T .* \(.*\)$/extern int \1();/p'\'' -e '\''s/^[ABCDGIRSTW]* .* \(.*\)$/extern char \1;/p'\'''
lt_cv_sys_max_cmd_len=1635000
lt_cv_to_host_file_cmd=func_convert_file_noop
lt_cv_to_tool_file_cmd=func_convert_file_noop

## ----------------- ##
## Output variables. ##
## ----------------- ##

ACLOCAL='${SHELL} /media/Media/Workspace/res/WEBDEV/neutrico/tidy-html5/missing aclocal-1.14'
AMDEPBACKSLASH='\'
AMDEP_FALSE='#'
AMDEP_TRUE=''
AMTAR='$${TAR-tar}'
AM_BACKSLASH='\'
AM_DEFAULT_V='$(AM_DEFAULT_VERBOSITY)'
AM_DEFAULT_VERBOSITY='1'
AM_V='$(V)'
AR='ar'
AUTOCONF='${SHELL} /media/Media/Workspace/res/WEBDEV/neutrico/tidy-html5/missing autoconf'
AUTOHEADER='${SHELL} /media/Media/Workspace/res/WEBDEV/neutrico/tidy-html5/missing autoheader'
AUTOMAKE='${SHELL} /media/Media/Workspace/res/WEBDEV/neutrico/tidy-html5/missing automake-1.14'
AWK='gawk'
CC='gcc'
CCDEPMODE='depmode=gcc3'
CFLAGS='-O2 '
CPP='gcc -E'
CPPFLAGS=''
CXX='g++'
CXXCPP='g++ -E'
CXXDEPMODE='depmode=gcc3'
CXXFLAGS='-g -O2'
CYGPATH_W='echo'
DEFS='-DPACKAGE_NAME=\"\" -DPACKAGE_TARNAME=\"\" -DPACKAGE_VERSION=\"\" -DPACKAGE_STRING=\"\" -DPACKAGE_BUGREPORT=\"\" -DPACKAGE_URL=\"\" -DPACKAGE=\"tidy\" -DVERSION=\"0.99.0\" -DSTDC_HEADERS=1 -DHAVE_SYS_TYPES_H=1 -DHAVE_SYS_STAT_H=1 -DHAVE_STDLIB_H=1 -DHAVE_STRING_H=1 -DHAVE_MEMORY_H=1 -DHAVE_STRINGS_H=1 -DHAVE_INTTYPES_H=1 -DHAVE_STDINT_H=1 -DHAVE_UNISTD_H=1 -DHAVE_DLFCN_H=1 -DLT_OBJDIR=\".libs/\" -DSUPPORT_ACCESSIBILITY_CHECKS=1 -DSUPPORT_UTF16_ENCODINGS=1 -DSUPPORT_ASIAN_ENCODINGS=1'
DEPDIR='.deps'
DLLTOOL='false'
DSYMUTIL=''
DUMPBIN=''
ECHO_C=''
ECHO_N='-n'
ECHO_T=''
EGREP='/bin/grep -E'
EXEEXT=''
FGREP='/bin/grep -F'
GREP='/bin/grep'
INSTALL_DATA='${INSTALL} -m 644'
INSTALL_PROGRAM='${INSTALL}'
INSTALL_SCRIPT='${INSTALL}'
INSTALL_STRIP_PROGRAM='$(install_sh) -c -s'
LD='/usr/bin/ld -m elf_x86_64'
LDFLAGS=''
LIBOBJS=''
LIBS=''
LIBTIDY_VERSION='0.99.0'
LIBTOOL='$(SHELL) $(top_builddir)/libtool'
LIPO=''
LN_S='ln -s'
LTLIBOBJS=''
LT_AGE='0'
LT_CURRENT='0'
LT_RELEASE='0.99'
LT_REVISION='0'
MAKEINFO='${SHELL} /media/Media/Workspace/res/WEBDEV/neutrico/tidy-html5/missing makeinfo'
MANIFEST_TOOL=':'
MKDIR_P='/bin/mkdir -p'
NM='/usr/bin/nm -B'
NMEDIT=''
OBJDUMP='objdump'
OBJEXT='o'
OTOOL64=''
OTOOL=''
PACKAGE='tidy'
PACKAGE_BUGREPORT=''
PACKAGE_NAME=''
PACKAGE_STRING=''
PACKAGE_TARNAME=''
PACKAGE_URL=''
PACKAGE_VERSION=''
PATH_SEPARATOR=':'
RANLIB='ranlib'
SED='/bin/sed'
SET_MAKE=''
SHELL='/bin/bash'
STRIP='strip'
VERSION='0.99.0'
WARNING_CFLAGS='-Wall'
ac_ct_AR='ar'
ac_ct_CC='gcc'
ac_ct_CXX='g++'
ac_ct_DUMPBIN=''
am__EXEEXT_FALSE=''
am__EXEEXT_TRUE='#'
am__fastdepCC_FALSE='#'
am__fastdepCC_TRUE=''
am__fastdepCXX_FALSE='#'
am__fastdepCXX_TRUE=''
am__include='include'
am__isrc=''
am__leading_dot='.'
am__nodep='_no'
am__quote=''
am__tar='$${TAR-tar} chof - "$$tardir"'
am__untar='$${TAR-tar} xf -'
bindir='${exec_prefix}/bin'
build='x86_64-unknown-linux-gnu'
build_alias=''
build_cpu='x86_64'
build_os='linux-gnu'
build_vendor='unknown'
datadir='${datarootdir}'
datarootdir='${prefix}/share'
docdir='${datarootdir}/doc/${PACKAGE}'
dvidir='${docdir}'
exec_prefix='${prefix}'
host='x86_64-unknown-linux-gnu'
host_alias=''
host_cpu='x86_64'
host_os='linux-gnu'
host_vendor='unknown'
htmldir='${docdir}'
includedir='${prefix}/include'
infodir='${datarootdir}/info'
install_sh='${SHELL} /media/Media/Workspace/res/WEBDEV/neutrico/tidy-html5/install-sh'
libdir='${exec_prefix}/lib'
libexecdir='${exec_prefix}/libexec'
localedir='${datarootdir}/locale'
localstatedir='${prefix}/var'
mandir='${datarootdir}/man'
mkdir_p='$(MKDIR_P)'
oldincludedir='/usr/include'
pdfdir='${docdir}'
prefix='/usr'
program_transform_name='s,x,x,'
psdir='${docdir}'
sbindir='${exec_prefix}/sbin'
sharedstatedir='${prefix}/com'
sysconfdir='${prefix}/etc'
target_alias=''

## ----------- ##
## confdefs.h. ##
## ----------- ##

/* confdefs.h */
#define PACKAGE_NAME ""
#define PACKAGE_TARNAME ""
#define PACKAGE_VERSION ""
#define PACKAGE_STRING ""
#define PACKAGE_BUGREPORT ""
#define PACKAGE_URL ""
#define PACKAGE "tidy"
#define VERSION "0.99.0"
#define STDC_HEADERS 1
#define HAVE_SYS_TYPES_H 1
#define HAVE_SYS_STAT_H 1
#define HAVE_STDLIB_H 1
#define HAVE_STRING_H 1
#define HAVE_MEMORY_H 1
#define HAVE_STRINGS_H 1
#define HAVE_INTTYPES_H 1
#define HAVE_STDINT_H 1
#define HAVE_UNISTD_H 1
#define HAVE_DLFCN_H 1
#define LT_OBJDIR ".libs/"
#define SUPPORT_ACCESSIBILITY_CHECKS 1
#define SUPPORT_UTF16_ENCODINGS 1
#define SUPPORT_ASIAN_ENCODINGS 1

configure: exit 0
